
> @attribute/beacon-basics@0.0.1 build /Users/sebastianbryers/Development/attribute/attribute-apps/stores/beacon-basics
> vite build

vite v6.4.1 building for production...
transforming...
✓ 19 modules transformed.
rendering chunks...
computing gzip size...
assets/.vite/manifest.json                    3.03 kB │ gzip:  0.58 kB
assets/theme-DZ8Klk_E.css                    71.00 kB │ gzip: 12.25 kB
assets/island-test-reveal-B_K9gQYY.js         0.81 kB │ gzip:  0.48 kB
assets/island-test-counter-iJMqeeKp.js        1.35 kB │ gzip:  0.55 kB
assets/island-test-toast-Bw_aBDOb.js          1.42 kB │ gzip:  0.58 kB
assets/island-accordion-BGZeoPkd.js           2.59 kB │ gzip:  0.89 kB
assets/island-quantity-selector-Df-u8xVO.js   3.11 kB │ gzip:  1.10 kB
assets/island-image-gallery-DPCs2U38.js       3.56 kB │ gzip:  1.35 kB
assets/island-modal-DZKGSdNi.js               3.65 kB │ gzip:  1.22 kB
assets/island-header-nav-Wl2UukpZ.js          3.70 kB │ gzip:  1.20 kB
assets/theme-DpSKxo-t.js                      4.72 kB │ gzip:  2.03 kB
assets/island-product-form-B29hsXmz.js        6.03 kB │ gzip:  1.96 kB
assets/island-quick-view-lW93RFO8.js         10.93 kB │ gzip:  3.47 kB
assets/island-cart-drawer-BXBOsEp0.js        11.46 kB │ gzip:  3.35 kB
✓ built in 317ms
